<?xml version="1.0" encoding="UTF-8"?>
<robot generator="Robot 6.0.1 (Python 3.10.6 on win32)" generated="20230103 07:14:19.592" rpa="false" schemaversion="3">
<suite id="s1" name="MakeMyTrip" source="C:\Users\balua\PycharmProjects\Make My Trip New\TestCases\MakeMyTrip.robot">
<test id="s1-t1" name="Trip Book" line="20">
<kw name="Open Browser" library="SeleniumLibrary">
<arg>${url}</arg>
<arg>${browser}</arg>
<doc>Opens a new browser instance to the optional ``url``.</doc>
<msg timestamp="20230103 07:14:20.289" level="INFO">Opening browser 'chrome' to base url 'https://www.makemytrip.com/'.</msg>
<status status="PASS" starttime="20230103 07:14:20.287" endtime="20230103 07:14:30.979"/>
</kw>
<kw name="Maximize Browser Window" library="SeleniumLibrary">
<doc>Maximizes current browser window.</doc>
<status status="PASS" starttime="20230103 07:14:30.979" endtime="20230103 07:14:31.226"/>
</kw>
<kw name="Bus Booking">
<kw name="Click Element" library="SeleniumLibrary">
<arg>xpath://div[@class='landingContainer eng']</arg>
<doc>Click the element identified by ``locator``.</doc>
<msg timestamp="20230103 07:14:31.228" level="INFO">Clicking element 'xpath://div[@class='landingContainer eng']'.</msg>
<status status="PASS" starttime="20230103 07:14:31.227" endtime="20230103 07:14:31.880"/>
</kw>
<kw name="Click Element" library="SeleniumLibrary">
<arg>xpath://*[@id='SW']/div[1]/div[2]/div/div/nav/ul/li[6]/div/a/span[2]</arg>
<doc>Click the element identified by ``locator``.</doc>
<msg timestamp="20230103 07:14:31.883" level="INFO">Clicking element 'xpath://*[@id='SW']/div[1]/div[2]/div/div/nav/ul/li[6]/div/a/span[2]'.</msg>
<status status="PASS" starttime="20230103 07:14:31.881" endtime="20230103 07:14:32.596"/>
</kw>
<kw name="Sleep" library="BuiltIn">
<arg>3</arg>
<doc>Pauses the test executed for the given time.</doc>
<msg timestamp="20230103 07:14:35.603" level="INFO">Slept 3 seconds</msg>
<status status="PASS" starttime="20230103 07:14:32.597" endtime="20230103 07:14:35.603"/>
</kw>
<kw name="Click Element" library="SeleniumLibrary">
<arg>xpath://span[@data-cy='fromCity']</arg>
<doc>Click the element identified by ``locator``.</doc>
<msg timestamp="20230103 07:14:35.605" level="INFO">Clicking element 'xpath://span[@data-cy='fromCity']'.</msg>
<status status="PASS" starttime="20230103 07:14:35.604" endtime="20230103 07:14:36.080"/>
</kw>
<kw name="Input Text" library="SeleniumLibrary">
<arg>xpath://input[@placeholder='From']</arg>
<arg>${from}</arg>
<doc>Types the given ``text`` into the text field identified by ``locator``.</doc>
<msg timestamp="20230103 07:14:36.083" level="INFO">Typing text 'Chennai,Tamil Nadu' into text field 'xpath://input[@placeholder='From']'.</msg>
<status status="PASS" starttime="20230103 07:14:36.081" endtime="20230103 07:14:36.730"/>
</kw>
<kw name="Click Element" library="SeleniumLibrary">
<arg>xpath:(//span[text()='Chennai, Tamil Nadu'])[1]</arg>
<doc>Click the element identified by ``locator``.</doc>
<msg timestamp="20230103 07:14:36.731" level="INFO">Clicking element 'xpath:(//span[text()='Chennai, Tamil Nadu'])[1]'.</msg>
<status status="PASS" starttime="20230103 07:14:36.730" endtime="20230103 07:14:37.029"/>
</kw>
<kw name="Sleep" library="BuiltIn">
<arg>3</arg>
<doc>Pauses the test executed for the given time.</doc>
<msg timestamp="20230103 07:14:40.038" level="INFO">Slept 3 seconds</msg>
<status status="PASS" starttime="20230103 07:14:37.029" endtime="20230103 07:14:40.038"/>
</kw>
<kw name="Click Element" library="SeleniumLibrary">
<arg>xpath://input[@placeholder='To']</arg>
<doc>Click the element identified by ``locator``.</doc>
<msg timestamp="20230103 07:14:40.040" level="INFO">Clicking element 'xpath://input[@placeholder='To']'.</msg>
<status status="PASS" starttime="20230103 07:14:40.039" endtime="20230103 07:14:40.340"/>
</kw>
<kw name="Input Text" library="SeleniumLibrary">
<arg>xpath://input[@placeholder='To']</arg>
<arg>${to}</arg>
<doc>Types the given ``text`` into the text field identified by ``locator``.</doc>
<msg timestamp="20230103 07:14:40.342" level="INFO">Typing text 'Mumbai,Maharashtra' into text field 'xpath://input[@placeholder='To']'.</msg>
<status status="PASS" starttime="20230103 07:14:40.340" endtime="20230103 07:14:40.732"/>
</kw>
<kw name="Click Element" library="SeleniumLibrary">
<arg>xpath://span[text()='Mumbai, Maharashtra']</arg>
<doc>Click the element identified by ``locator``.</doc>
<msg timestamp="20230103 07:14:40.737" level="INFO">Clicking element 'xpath://span[text()='Mumbai, Maharashtra']'.</msg>
<status status="PASS" starttime="20230103 07:14:40.732" endtime="20230103 07:14:41.193"/>
</kw>
<kw name="Click Element" library="SeleniumLibrary">
<arg>xpath://div[@class='dayPickerHeader dayToFromCont blackText']</arg>
<doc>Click the element identified by ``locator``.</doc>
<msg timestamp="20230103 07:14:41.194" level="INFO">Clicking element 'xpath://div[@class='dayPickerHeader dayToFromCont blackText']'.</msg>
<status status="PASS" starttime="20230103 07:14:41.193" endtime="20230103 07:14:41.538"/>
</kw>
<kw name="Click Element" library="SeleniumLibrary">
<arg>xpath://div[@aria-label='Thu Jan 05 2023']</arg>
<doc>Click the element identified by ``locator``.</doc>
<msg timestamp="20230103 07:14:41.540" level="INFO">Clicking element 'xpath://div[@aria-label='Thu Jan 05 2023']'.</msg>
<status status="PASS" starttime="20230103 07:14:41.539" endtime="20230103 07:14:41.805"/>
</kw>
<kw name="Click Element" library="SeleniumLibrary">
<arg>id:search_button</arg>
<doc>Click the element identified by ``locator``.</doc>
<msg timestamp="20230103 07:14:41.807" level="INFO">Clicking element 'id:search_button'.</msg>
<status status="PASS" starttime="20230103 07:14:41.806" endtime="20230103 07:14:54.141"/>
</kw>
<kw name="Click Element" library="SeleniumLibrary">
<arg>xpath://img[@class='primoCloseIcon']</arg>
<doc>Click the element identified by ``locator``.</doc>
<msg timestamp="20230103 07:14:54.142" level="INFO">Clicking element 'xpath://img[@class='primoCloseIcon']'.</msg>
<status status="PASS" starttime="20230103 07:14:54.141" endtime="20230103 07:14:54.398"/>
</kw>
<kw name="Click Element" library="SeleniumLibrary">
<arg>xpath://span[text()='Sleeper']</arg>
<doc>Click the element identified by ``locator``.</doc>
<msg timestamp="20230103 07:14:54.400" level="INFO">Clicking element 'xpath://span[text()='Sleeper']'.</msg>
<status status="PASS" starttime="20230103 07:14:54.398" endtime="20230103 07:14:54.942"/>
</kw>
<kw name="Click Element" library="SeleniumLibrary">
<arg>xpath://span[text()='Maduravoyal']</arg>
<doc>Click the element identified by ``locator``.</doc>
<msg timestamp="20230103 07:14:54.944" level="INFO">Clicking element 'xpath://span[text()='Maduravoyal']'.</msg>
<status status="PASS" starttime="20230103 07:14:54.943" endtime="20230103 07:14:55.651"/>
</kw>
<kw name="Click Element" library="SeleniumLibrary">
<arg>xpath:(//a[text()='Select Seats'])[1]</arg>
<doc>Click the element identified by ``locator``.</doc>
<msg timestamp="20230103 07:14:55.653" level="INFO">Clicking element 'xpath:(//a[text()='Select Seats'])[1]'.</msg>
<status status="PASS" starttime="20230103 07:14:55.652" endtime="20230103 07:14:56.347"/>
</kw>
<kw name="Sleep" library="BuiltIn">
<arg>2</arg>
<doc>Pauses the test executed for the given time.</doc>
<msg timestamp="20230103 07:14:58.360" level="INFO">Slept 2 seconds</msg>
<status status="PASS" starttime="20230103 07:14:56.348" endtime="20230103 07:14:58.360"/>
</kw>
<kw name="Click Element" library="SeleniumLibrary">
<arg>xpath:(//img[@ class='seat-icon'])[12]</arg>
<doc>Click the element identified by ``locator``.</doc>
<msg timestamp="20230103 07:14:58.362" level="INFO">Clicking element 'xpath:(//img[@ class='seat-icon'])[12]'.</msg>
<status status="PASS" starttime="20230103 07:14:58.360" endtime="20230103 07:14:58.591"/>
</kw>
<kw name="Sleep" library="BuiltIn">
<arg>5</arg>
<doc>Pauses the test executed for the given time.</doc>
<msg timestamp="20230103 07:15:03.597" level="INFO">Slept 5 seconds</msg>
<status status="PASS" starttime="20230103 07:14:58.591" endtime="20230103 07:15:03.598"/>
</kw>
<kw name="Click Element" library="SeleniumLibrary">
<arg>xpath://span[text()='BOOK SEATS']</arg>
<doc>Click the element identified by ``locator``.</doc>
<msg timestamp="20230103 07:15:03.602" level="INFO">Clicking element 'xpath://span[text()='BOOK SEATS']'.</msg>
<status status="PASS" starttime="20230103 07:15:03.599" endtime="20230103 07:15:03.850"/>
</kw>
<kw name="Sleep" library="BuiltIn">
<arg>5</arg>
<doc>Pauses the test executed for the given time.</doc>
<msg timestamp="20230103 07:15:08.865" level="INFO">Slept 5 seconds</msg>
<status status="PASS" starttime="20230103 07:15:03.851" endtime="20230103 07:15:08.865"/>
</kw>
<kw name="Input Text" library="SeleniumLibrary">
<arg>id:fname</arg>
<arg>${traveller_name}</arg>
<doc>Types the given ``text`` into the text field identified by ``locator``.</doc>
<msg timestamp="20230103 07:15:08.868" level="INFO">Typing text 'Bala' into text field 'id:fname'.</msg>
<msg timestamp="20230103 07:15:09.073" level="INFO" html="true">&lt;/td&gt;&lt;/tr&gt;&lt;tr&gt;&lt;td colspan="3"&gt;&lt;a href="selenium-screenshot-1.png"&gt;&lt;img src="selenium-screenshot-1.png" width="800px"&gt;&lt;/a&gt;</msg>
<msg timestamp="20230103 07:15:09.074" level="FAIL">Element with locator 'id:fname' not found.</msg>
<status status="FAIL" starttime="20230103 07:15:08.866" endtime="20230103 07:15:09.080"/>
</kw>
<kw name="Input Text" library="SeleniumLibrary">
<arg>id:age</arg>
<arg>${traveller_age}</arg>
<doc>Types the given ``text`` into the text field identified by ``locator``.</doc>
<status status="NOT RUN" starttime="20230103 07:15:09.081" endtime="20230103 07:15:09.081"/>
</kw>
<kw name="Sleep" library="BuiltIn">
<arg>2</arg>
<doc>Pauses the test executed for the given time.</doc>
<status status="NOT RUN" starttime="20230103 07:15:09.081" endtime="20230103 07:15:09.081"/>
</kw>
<kw name="Mouse Over" library="SeleniumLibrary">
<arg>xpath://span[@class='blackArrowIcon sprite appendLeft10 ']</arg>
<doc>Simulates hovering the mouse over the element ``locator``.</doc>
<status status="NOT RUN" starttime="20230103 07:15:09.081" endtime="20230103 07:15:09.081"/>
</kw>
<kw name="Mouse Down" library="SeleniumLibrary">
<arg>xpath://li[@class=' removeOutline']/preceding-sibling::li</arg>
<doc>Simulates pressing the left mouse button on the element ``locator``.</doc>
<status status="NOT RUN" starttime="20230103 07:15:09.081" endtime="20230103 07:15:09.082"/>
</kw>
<kw name="Click Element" library="SeleniumLibrary">
<arg>xpath://li[@class=' removeOutline']/preceding-sibling::li</arg>
<doc>Click the element identified by ``locator``.</doc>
<status status="NOT RUN" starttime="20230103 07:15:09.082" endtime="20230103 07:15:09.082"/>
</kw>
<kw name="Sleep" library="BuiltIn">
<arg>2</arg>
<doc>Pauses the test executed for the given time.</doc>
<status status="NOT RUN" starttime="20230103 07:15:09.082" endtime="20230103 07:15:09.082"/>
</kw>
<kw name="Input Text" library="SeleniumLibrary">
<arg>id:contactEmail</arg>
<arg>${email_id}</arg>
<doc>Types the given ``text`` into the text field identified by ``locator``.</doc>
<status status="NOT RUN" starttime="20230103 07:15:09.082" endtime="20230103 07:15:09.082"/>
</kw>
<kw name="Input Text" library="SeleniumLibrary">
<arg>id:mobileNumber</arg>
<arg>${mobile_no}</arg>
<doc>Types the given ``text`` into the text field identified by ``locator``.</doc>
<status status="NOT RUN" starttime="20230103 07:15:09.082" endtime="20230103 07:15:09.082"/>
</kw>
<kw name="Click Element" library="SeleniumLibrary">
<arg>xpath://span[text()='Yes, secure my trip. I agree to the']</arg>
<doc>Click the element identified by ``locator``.</doc>
<status status="NOT RUN" starttime="20230103 07:15:09.082" endtime="20230103 07:15:09.082"/>
</kw>
<kw name="Sleep" library="BuiltIn">
<arg>2</arg>
<doc>Pauses the test executed for the given time.</doc>
<status status="NOT RUN" starttime="20230103 07:15:09.082" endtime="20230103 07:15:09.083"/>
</kw>
<kw name="Click Element" library="SeleniumLibrary">
<arg>xpath://span[text()='Continue to Book Now']</arg>
<doc>Click the element identified by ``locator``.</doc>
<status status="NOT RUN" starttime="20230103 07:15:09.083" endtime="20230103 07:15:09.083"/>
</kw>
<kw name="Sleep" library="BuiltIn">
<arg>12</arg>
<doc>Pauses the test executed for the given time.</doc>
<status status="NOT RUN" starttime="20230103 07:15:09.083" endtime="20230103 07:15:09.083"/>
</kw>
<status status="FAIL" starttime="20230103 07:14:31.226" endtime="20230103 07:15:09.083"/>
</kw>
<status status="FAIL" starttime="20230103 07:14:20.285" endtime="20230103 07:15:09.084">Element with locator 'id:fname' not found.</status>
</test>
<status status="FAIL" starttime="20230103 07:14:19.598" endtime="20230103 07:15:09.085"/>
</suite>
<statistics>
<total>
<stat pass="0" fail="1" skip="0">All Tests</stat>
</total>
<tag>
</tag>
<suite>
<stat pass="0" fail="1" skip="0" id="s1" name="MakeMyTrip">MakeMyTrip</stat>
</suite>
</statistics>
<errors>
</errors>
</robot>
